<?xml version="1.0" encoding="UTF-8"?>
<testsuite name="Cucumber" time="388.753" tests="10" skipped="0" failures="0" errors="0">
<testcase classname="Log In" name="Login with valid credentials" time="23.7">
<system-out><![CDATA[
Given User is on the CMS Enterprise Portal homepage URL.....................passed
When User enter UserId in the UserId field..................................passed
And User enter Password in the Password field...............................passed
And User click the check box of I agree to the Terms and Conditions.........passed
And User finally click on Login Button......................................passed
Then User will navigate to multi factor authentication modal................passed
]]></system-out>
</testcase>
<testcase classname="Log In" name="Login with fixed Valid Credential" time="22.103">
<system-out><![CDATA[
Given User is on the CMS Enterprise Portal homepage URL.....................passed
When User enter UserId as 'Narima.tushty@gmail.com'.........................passed
And User enter Password as 'Login@123456789'................................passed
And User click the check box of I agree to the Terms and Conditions.........passed
And User finally click on Login Button......................................passed
Then User will navigate to multi factor authentication modal................passed
]]></system-out>
</testcase>
<testcase classname="Log In" name="Login with fixed Valid Credential" time="21.182">
<system-out><![CDATA[
Given User is on the CMS Enterprise Portal homepage URL.....................passed
When User enter UserId as 'Narima.tushty@gmail.com'.........................passed
And User enter Password as 'Login@123456789'................................passed
And User click the check box of I agree to the Terms and Conditions.........passed
And User finally click on Login Button......................................passed
Then User will navigate to multi factor authentication modal................passed
]]></system-out>
</testcase>
<testcase classname="Log In" name="Login with fixed Valid Credential" time="22.178">
<system-out><![CDATA[
Given User is on the CMS Enterprise Portal homepage URL.....................passed
When User enter UserId as 'Narima.tushty@gmail.com'.........................passed
And User enter Password as 'Login@123456789'................................passed
And User click the check box of I agree to the Terms and Conditions.........passed
And User finally click on Login Button......................................passed
Then User will navigate to multi factor authentication modal................passed
]]></system-out>
</testcase>
<testcase classname="Log In" name="Login with fixed Valid Credential" time="21.397">
<system-out><![CDATA[
Given User is on the CMS Enterprise Portal homepage URL.....................passed
When User enter UserId as 'Narima.tushty@gmail.com'.........................passed
And User enter Password as 'Login@123456789'................................passed
And User click the check box of I agree to the Terms and Conditions.........passed
And User finally click on Login Button......................................passed
Then User will navigate to multi factor authentication modal................passed
]]></system-out>
</testcase>
<testcase classname="Log In" name="Login with sets of Valid Credential - #1.1" time="21.528">
<system-out><![CDATA[
Given User is on the CMS Enterprise Portal homepage URL.....................passed
When User enter UserId as 'shampa.afroz82@gmail.com'........................passed
And User enter Password as 'ShumuLove$2024&'................................passed
And User click the check box of I agree to the Terms and Conditions.........passed
And User finally click on Login Button......................................passed
Then User will navigate to multi factor authentication modal................passed
]]></system-out>
</testcase>
<testcase classname="Log In" name="Login with sets of Valid Credential - #1.2" time="22.069">
<system-out><![CDATA[
Given User is on the CMS Enterprise Portal homepage URL.....................passed
When User enter UserId as 'S_1999'..........................................passed
And User enter Password as 'Silia19??abcsilia'..............................passed
And User click the check box of I agree to the Terms and Conditions.........passed
And User finally click on Login Button......................................passed
Then User will navigate to multi factor authentication modal................passed
]]></system-out>
</testcase>
<testcase classname="Log In" name="Login with sets of Valid Credential - #1.3" time="21.495">
<system-out><![CDATA[
Given User is on the CMS Enterprise Portal homepage URL.....................passed
When User enter UserId as 'Narima.tushty@gmail.com'.........................passed
And User enter Password as 'Login@123456789'................................passed
And User click the check box of I agree to the Terms and Conditions.........passed
And User finally click on Login Button......................................passed
Then User will navigate to multi factor authentication modal................passed
]]></system-out>
</testcase>
<testcase classname="As an user" name="User click on Next Button in Step Two by puting value in each field" time="106.399">
<system-out><![CDATA[
Given User is on the CMS Enterprise Portal page.............................passed
When User click on New User Registration Button.............................passed
Then User navigate to Step one of the enrollment process....................passed
When User complete Step one process.........................................passed
Then User navigate to Step two of the enrollment process....................passed
When User complete Step two process.........................................passed
And click on Next Button....................................................passed
Then User navigate to Step three of the enrollment process..................passed
]]></system-out>
</testcase>
<testcase classname="As an user" name="User click on Next Button in Step Two by puting value in each field" time="106.389">
<system-out><![CDATA[
Given User is on the CMS Enterprise Portal page.............................passed
When User click on New User Registration Button.............................passed
Then User navigate to Step one of the enrollment process....................passed
When User complete Step one process.........................................passed
Then User navigate to Step two of the enrollment process....................passed
When User complete Step two process.........................................passed
And click on Next Button....................................................passed
Then User navigate to Step three of the enrollment process..................passed
]]></system-out>
</testcase>
</testsuite>
